SF:lib/src/model_loader.dart
DA:16,1
DA:17,1
DA:38,1
DA:42,1
DA:43,1
DA:44,0
DA:45,0
DA:49,1
DA:51,2
DA:52,3
DA:54,1
DA:55,2
DA:57,3
DA:68,1
DA:72,1
DA:73,1
DA:74,0
DA:75,0
DA:79,1
DA:81,1
DA:82,2
DA:83,3
DA:85,1
DA:86,1
DA:87,2
DA:89,3
DA:97,1
DA:98,4
DA:99,1
DA:101,1
DA:102,2
DA:106,1
DA:110,1
DA:111,1
DA:112,3
DA:120,1
DA:121,1
DA:122,1
DA:125,1
DA:126,2
DA:127,1
DA:129,3
DA:134,0
DA:135,0
DA:143,1
DA:157,1
DA:158,1
DA:159,1
DA:160,1
DA:161,1
DA:162,1
DA:163,2
DA:164,1
DA:165,1
DA:166,1
DA:167,1
DA:168,1
LF:57
LH:51
end_of_record
